<?xml version="1.0" encoding="UTF-8"?>
<testsuite xmlns:xsi="http://www.w3.org/2001/XMLSchema-instance" xsi:noNamespaceSchemaLocation="https://maven.apache.org/surefire/maven-surefire-plugin/xsd/surefire-test-report-3.0.xsd" version="3.0" name="com.example.mavenlambda.AppTest" time="0.02" tests="1" errors="0" skipped="0" failures="0">
  <properties>
    <property name="java.specification.version" value="22"/>
    <property name="sun.jnu.encoding" value="UTF-8"/>
    <property name="java.class.path" value="/Users/saivaishnaviswaminathan/Desktop/lamdajava/target/test-classes:/Users/saivaishnaviswaminathan/Desktop/lamdajava/target/classes:/Users/saivaishnaviswaminathan/.m2/repository/junit/junit/4.11/junit-4.11.jar:/Users/saivaishnaviswaminathan/.m2/repository/org/hamcrest/hamcrest-core/1.3/hamcrest-core-1.3.jar:/Users/saivaishnaviswaminathan/.m2/repository/com/amazonaws/aws-lambda-java-core/1.2.1/aws-lambda-java-core-1.2.1.jar:/Users/saivaishnaviswaminathan/.m2/repository/com/amazonaws/aws-lambda-java-events/3.9.0/aws-lambda-java-events-3.9.0.jar:/Users/saivaishnaviswaminathan/.m2/repository/joda-time/joda-time/2.6/joda-time-2.6.jar:/Users/saivaishnaviswaminathan/.m2/repository/com/amazonaws/aws-java-sdk-dynamodb/1.11.947/aws-java-sdk-dynamodb-1.11.947.jar:/Users/saivaishnaviswaminathan/.m2/repository/com/amazonaws/aws-java-sdk-s3/1.11.947/aws-java-sdk-s3-1.11.947.jar:/Users/saivaishnaviswaminathan/.m2/repository/com/amazonaws/aws-java-sdk-kms/1.11.947/aws-java-sdk-kms-1.11.947.jar:/Users/saivaishnaviswaminathan/.m2/repository/com/amazonaws/aws-java-sdk-core/1.11.947/aws-java-sdk-core-1.11.947.jar:/Users/saivaishnaviswaminathan/.m2/repository/commons-logging/commons-logging/1.1.3/commons-logging-1.1.3.jar:/Users/saivaishnaviswaminathan/.m2/repository/org/apache/httpcomponents/httpclient/4.5.13/httpclient-4.5.13.jar:/Users/saivaishnaviswaminathan/.m2/repository/org/apache/httpcomponents/httpcore/4.4.13/httpcore-4.4.13.jar:/Users/saivaishnaviswaminathan/.m2/repository/commons-codec/commons-codec/1.11/commons-codec-1.11.jar:/Users/saivaishnaviswaminathan/.m2/repository/software/amazon/ion/ion-java/1.0.2/ion-java-1.0.2.jar:/Users/saivaishnaviswaminathan/.m2/repository/com/fasterxml/jackson/core/jackson-databind/2.6.7.4/jackson-databind-2.6.7.4.jar:/Users/saivaishnaviswaminathan/.m2/repository/com/fasterxml/jackson/core/jackson-annotations/2.6.0/jackson-annotations-2.6.0.jar:/Users/saivaishnaviswaminathan/.m2/repository/com/fasterxml/jackson/core/jackson-core/2.6.7/jackson-core-2.6.7.jar:/Users/saivaishnaviswaminathan/.m2/repository/com/fasterxml/jackson/dataformat/jackson-dataformat-cbor/2.6.7/jackson-dataformat-cbor-2.6.7.jar:/Users/saivaishnaviswaminathan/.m2/repository/com/amazonaws/jmespath-java/1.11.947/jmespath-java-1.11.947.jar:"/>
    <property name="java.vm.vendor" value="Homebrew"/>
    <property name="sun.arch.data.model" value="64"/>
    <property name="java.vendor.url" value="https://github.com/Homebrew/homebrew-core/issues"/>
    <property name="os.name" value="Mac OS X"/>
    <property name="java.vm.specification.version" value="22"/>
    <property name="sun.java.launcher" value="SUN_STANDARD"/>
    <property name="user.country" value="US"/>
    <property name="sun.boot.library.path" value="/opt/homebrew/Cellar/openjdk/22.0.2/libexec/openjdk.jdk/Contents/Home/lib"/>
    <property name="sun.java.command" value="/Users/saivaishnaviswaminathan/Desktop/lamdajava/target/surefire/surefirebooter-20240721014736123_3.jar /Users/saivaishnaviswaminathan/Desktop/lamdajava/target/surefire 2024-07-21T01-47-36_069-jvmRun1 surefire-20240721014736123_1tmp surefire_0-20240721014736123_2tmp"/>
    <property name="http.nonProxyHosts" value="local|*.local|169.254/16|*.169.254/16"/>
    <property name="jdk.debug" value="release"/>
    <property name="surefire.test.class.path" value="/Users/saivaishnaviswaminathan/Desktop/lamdajava/target/test-classes:/Users/saivaishnaviswaminathan/Desktop/lamdajava/target/classes:/Users/saivaishnaviswaminathan/.m2/repository/junit/junit/4.11/junit-4.11.jar:/Users/saivaishnaviswaminathan/.m2/repository/org/hamcrest/hamcrest-core/1.3/hamcrest-core-1.3.jar:/Users/saivaishnaviswaminathan/.m2/repository/com/amazonaws/aws-lambda-java-core/1.2.1/aws-lambda-java-core-1.2.1.jar:/Users/saivaishnaviswaminathan/.m2/repository/com/amazonaws/aws-lambda-java-events/3.9.0/aws-lambda-java-events-3.9.0.jar:/Users/saivaishnaviswaminathan/.m2/repository/joda-time/joda-time/2.6/joda-time-2.6.jar:/Users/saivaishnaviswaminathan/.m2/repository/com/amazonaws/aws-java-sdk-dynamodb/1.11.947/aws-java-sdk-dynamodb-1.11.947.jar:/Users/saivaishnaviswaminathan/.m2/repository/com/amazonaws/aws-java-sdk-s3/1.11.947/aws-java-sdk-s3-1.11.947.jar:/Users/saivaishnaviswaminathan/.m2/repository/com/amazonaws/aws-java-sdk-kms/1.11.947/aws-java-sdk-kms-1.11.947.jar:/Users/saivaishnaviswaminathan/.m2/repository/com/amazonaws/aws-java-sdk-core/1.11.947/aws-java-sdk-core-1.11.947.jar:/Users/saivaishnaviswaminathan/.m2/repository/commons-logging/commons-logging/1.1.3/commons-logging-1.1.3.jar:/Users/saivaishnaviswaminathan/.m2/repository/org/apache/httpcomponents/httpclient/4.5.13/httpclient-4.5.13.jar:/Users/saivaishnaviswaminathan/.m2/repository/org/apache/httpcomponents/httpcore/4.4.13/httpcore-4.4.13.jar:/Users/saivaishnaviswaminathan/.m2/repository/commons-codec/commons-codec/1.11/commons-codec-1.11.jar:/Users/saivaishnaviswaminathan/.m2/repository/software/amazon/ion/ion-java/1.0.2/ion-java-1.0.2.jar:/Users/saivaishnaviswaminathan/.m2/repository/com/fasterxml/jackson/core/jackson-databind/2.6.7.4/jackson-databind-2.6.7.4.jar:/Users/saivaishnaviswaminathan/.m2/repository/com/fasterxml/jackson/core/jackson-annotations/2.6.0/jackson-annotations-2.6.0.jar:/Users/saivaishnaviswaminathan/.m2/repository/com/fasterxml/jackson/core/jackson-core/2.6.7/jackson-core-2.6.7.jar:/Users/saivaishnaviswaminathan/.m2/repository/com/fasterxml/jackson/dataformat/jackson-dataformat-cbor/2.6.7/jackson-dataformat-cbor-2.6.7.jar:/Users/saivaishnaviswaminathan/.m2/repository/com/amazonaws/jmespath-java/1.11.947/jmespath-java-1.11.947.jar:"/>
    <property name="sun.cpu.endian" value="little"/>
    <property name="user.home" value="/Users/saivaishnaviswaminathan"/>
    <property name="user.language" value="en"/>
    <property name="java.specification.vendor" value="Oracle Corporation"/>
    <property name="java.version.date" value="2024-07-16"/>
    <property name="java.home" value="/opt/homebrew/Cellar/openjdk/22.0.2/libexec/openjdk.jdk/Contents/Home"/>
    <property name="file.separator" value="/"/>
    <property name="basedir" value="/Users/saivaishnaviswaminathan/Desktop/lamdajava"/>
    <property name="java.vm.compressedOopsMode" value="Zero based"/>
    <property name="line.separator" value="&#10;"/>
    <property name="java.vm.specification.vendor" value="Oracle Corporation"/>
    <property name="java.specification.name" value="Java Platform API Specification"/>
    <property name="apple.awt.application.name" value="ForkedBooter"/>
    <property name="surefire.real.class.path" value="/Users/saivaishnaviswaminathan/Desktop/lamdajava/target/surefire/surefirebooter-20240721014736123_3.jar"/>
    <property name="sun.management.compiler" value="HotSpot 64-Bit Tiered Compilers"/>
    <property name="ftp.nonProxyHosts" value="local|*.local|169.254/16|*.169.254/16"/>
    <property name="java.runtime.version" value="22.0.2"/>
    <property name="user.name" value="saivaishnaviswaminathan"/>
    <property name="stdout.encoding" value="UTF-8"/>
    <property name="path.separator" value=":"/>
    <property name="os.version" value="14.4.1"/>
    <property name="java.runtime.name" value="OpenJDK Runtime Environment"/>
    <property name="file.encoding" value="UTF-8"/>
    <property name="java.vm.name" value="OpenJDK 64-Bit Server VM"/>
    <property name="java.vendor.version" value="Homebrew"/>
    <property name="localRepository" value="/Users/saivaishnaviswaminathan/.m2/repository"/>
    <property name="java.vendor.url.bug" value="https://github.com/Homebrew/homebrew-core/issues"/>
    <property name="java.io.tmpdir" value="/var/folders/vn/p4dzfqtj7cd1s_tk4vcvn_lh0000gn/T/"/>
    <property name="java.version" value="22.0.2"/>
    <property name="user.dir" value="/Users/saivaishnaviswaminathan/Desktop/lamdajava"/>
    <property name="os.arch" value="aarch64"/>
    <property name="java.vm.specification.name" value="Java Virtual Machine Specification"/>
    <property name="native.encoding" value="UTF-8"/>
    <property name="java.library.path" value="/Users/saivaishnaviswaminathan/Library/Java/Extensions:/Library/Java/Extensions:/Network/Library/Java/Extensions:/System/Library/Java/Extensions:/usr/lib/java:."/>
    <property name="java.vm.info" value="mixed mode, sharing"/>
    <property name="stderr.encoding" value="UTF-8"/>
    <property name="java.vendor" value="Homebrew"/>
    <property name="java.vm.version" value="22.0.2"/>
    <property name="sun.io.unicode.encoding" value="UnicodeBig"/>
    <property name="socksNonProxyHosts" value="local|*.local|169.254/16|*.169.254/16"/>
    <property name="java.class.version" value="66.0"/>
  </properties>
  <testcase name="shouldAnswerWithTrue" classname="com.example.mavenlambda.AppTest" time="0.001"/>
</testsuite>